setting target to '/home/jiraseka/Flowpsi/LoCi/LoCi/OBJ'
TOOLS_DIR=lpp FVMtools FVMtools/libadf FVMMod sprng sprng/include sprng/include/sprng
Making Directory Structure: System  Tools  FVMAdapt  FVMOverset  include  include/Tools  include/Config  include/MPI_stubb  include/FVMAdapt  include/FVMOverset  
lpp  FVMtools  FVMtools/libadf  FVMMod  sprng  sprng/include  sprng/include/sprng  
Linking System directory files...
Linking Tools directory files...
Linking FVMAdapt directory files...
Linking FVMOverset directory files...
ln -s /home/jiraseka/Flowpsi/LoCi/LoCi/src/FVMOverset/geometry.loci /home/jiraseka/Flowpsi/LoCi/LoCi/OBJ/FVMOverset/geometry.loci
ln -s /home/jiraseka/Flowpsi/LoCi/LoCi/src/FVMOverset/holeCutting.loci /home/jiraseka/Flowpsi/LoCi/LoCi/OBJ/FVMOverset/holeCutting.loci
ln -s /home/jiraseka/Flowpsi/LoCi/LoCi/src/FVMOverset/interpolation.loci /home/jiraseka/Flowpsi/LoCi/LoCi/OBJ/FVMOverset/interpolation.loci
ln -s /home/jiraseka/Flowpsi/LoCi/LoCi/src/FVMOverset/motion.loci /home/jiraseka/Flowpsi/LoCi/LoCi/OBJ/FVMOverset/motion.loci
ln -s /home/jiraseka/Flowpsi/LoCi/LoCi/src/FVMOverset/Makefile /home/jiraseka/Flowpsi/LoCi/LoCi/OBJ/FVMOverset/Makefile
Linking include directory files...
Linking include/Tools directory files...
Linking include/Config directory files...
Linking include/MPI_stubb directory files...
Linking include/FVMAdapt directory files...
Linking include/FVMOverset directory files...
ln -s /home/jiraseka/Flowpsi/LoCi/LoCi/src/include/FVMOverset/overset.h /home/jiraseka/Flowpsi/LoCi/LoCi/OBJ/include/FVMOverset/overset.h
ln -s /home/jiraseka/Flowpsi/LoCi/LoCi/src/include/FVMOverset/overset.lh /home/jiraseka/Flowpsi/LoCi/LoCi/OBJ/include/FVMOverset/overset.lh
Linking lpp directory files...
Linking FVMtools directory files...
Linking FVMtools/libadf directory files...
Linking FVMMod directory files...
Linking sprng directory files...
Linking sprng/include directory files...
Linking sprng/include/sprng directory files...
