This is pdfTeX, Version 3.14159265-2.6-1.40.19 (TeX Live 2018/MacPorts 2018.47642_7) (preloaded format=latex 2018.6.26)  31 MAY 2019 20:51
entering extended mode
 restricted \write18 enabled.
 %&-line parsing enabled.
**main
(./main.tex
LaTeX2e <2018-04-01> patch level 2
Babel <3.18> and hyphenation patterns for 5 language(s) loaded.
(/opt/local/share/texmf-texlive/tex/latex/base/book.cls
Document Class: book 2014/09/29 v1.4h Standard LaTeX document class
(/opt/local/share/texmf-texlive/tex/latex/base/bk10.clo
File: bk10.clo 2014/09/29 v1.4h Standard LaTeX file (size option)
)
\c@part=\count80
\c@chapter=\count81
\c@section=\count82
\c@subsection=\count83
\c@subsubsection=\count84
\c@paragraph=\count85
\c@subparagraph=\count86
\c@figure=\count87
\c@table=\count88
\abovecaptionskip=\skip41
\belowcaptionskip=\skip42
\bibindent=\dimen102
)
(/opt/local/share/texmf-texlive/tex/generic/epsf/epsf.sty
This is `epsf.tex' v2.7.4 <14 February 2011>
\epsffilein=\read1
\epsfframemargin=\dimen103
\epsfframethickness=\dimen104
\epsfrsize=\dimen105
\epsftmp=\dimen106
\epsftsize=\dimen107
\epsfxsize=\dimen108
\epsfysize=\dimen109
\pspoints=\dimen110
) (/opt/local/share/texmf-texlive/tex/latex/amsmath/amsmath.sty
Package: amsmath 2017/09/02 v2.17a AMS math features
\@mathmargin=\skip43

For additional information on amsmath, use the `?' option.
(/opt/local/share/texmf-texlive/tex/latex/amsmath/amstext.sty
Package: amstext 2000/06/29 v2.01 AMS text

(/opt/local/share/texmf-texlive/tex/latex/amsmath/amsgen.sty
File: amsgen.sty 1999/11/30 v2.0 generic functions
\@emptytoks=\toks14
\ex@=\dimen111
))
(/opt/local/share/texmf-texlive/tex/latex/amsmath/amsbsy.sty
Package: amsbsy 1999/11/29 v1.2d Bold Symbols
\pmbraise@=\dimen112
)
(/opt/local/share/texmf-texlive/tex/latex/amsmath/amsopn.sty
Package: amsopn 2016/03/08 v2.02 operator names
)
\inf@bad=\count89
LaTeX Info: Redefining \frac on input line 213.
\uproot@=\count90
\leftroot@=\count91
LaTeX Info: Redefining \overline on input line 375.
\classnum@=\count92
\DOTSCASE@=\count93
LaTeX Info: Redefining \ldots on input line 472.
LaTeX Info: Redefining \dots on input line 475.
LaTeX Info: Redefining \cdots on input line 596.
\Mathstrutbox@=\box26
\strutbox@=\box27
\big@size=\dimen113
LaTeX Font Info:    Redeclaring font encoding OML on input line 712.
LaTeX Font Info:    Redeclaring font encoding OMS on input line 713.
\macc@depth=\count94
\c@MaxMatrixCols=\count95
\dotsspace@=\muskip10
\c@parentequation=\count96
\dspbrk@lvl=\count97
\tag@help=\toks15
\row@=\count98
\column@=\count99
\maxfields@=\count100
\andhelp@=\toks16
\eqnshift@=\dimen114
\alignsep@=\dimen115
\tagshift@=\dimen116
\tagwidth@=\dimen117
\totwidth@=\dimen118
\lineht@=\dimen119
\@envbody=\toks17
\multlinegap=\skip44
\multlinetaggap=\skip45
\mathdisplay@stack=\toks18
LaTeX Info: Redefining \[ on input line 2817.
LaTeX Info: Redefining \] on input line 2818.
)
(/opt/local/share/texmf-texlive/tex/latex/amsfonts/amssymb.sty
Package: amssymb 2013/01/14 v3.01 AMS font symbols

(/opt/local/share/texmf-texlive/tex/latex/amsfonts/amsfonts.sty
Package: amsfonts 2013/01/14 v3.01 Basic AMSFonts support
\symAMSa=\mathgroup4
\symAMSb=\mathgroup5
LaTeX Font Info:    Overwriting math alphabet `\mathfrak' in version `bold'
(Font)                  U/euf/m/n --> U/euf/b/n on input line 106.
))
(/opt/local/share/texmf-texlive/tex/latex/tools/theorem.sty
Package: theorem 2014/10/28 v2.2c Theorem extension package (FMi)
\theorem@style=\toks19
\theorem@bodyfont=\toks20
\theorempreskipamount=\skip46
\theorempostskipamount=\skip47

(/opt/local/share/texmf-texlive/tex/latex/tools/thp.sty
File: thp.sty 2014/10/28 v2.2c Theorem extension package (FMi)
))
(/opt/local/share/texmf-texlive/tex/latex/amsfonts/euscript.sty
Package: euscript 2009/06/22 v3.00 Euler Script fonts
LaTeX Font Info:    Overwriting math alphabet `\EuScript' in version `bold'
(Font)                  U/eus/m/n --> U/eus/b/n on input line 33.
)
(/opt/local/share/texmf-texlive/tex/latex/tools/longtable.sty
Package: longtable 2014/10/28 v4.11 Multi-page Table package (DPC)
\LTleft=\skip48
\LTright=\skip49
\LTpre=\skip50
\LTpost=\skip51
\LTchunksize=\count101
\LTcapwidth=\dimen120
\LT@head=\box28
\LT@firsthead=\box29
\LT@foot=\box30
\LT@lastfoot=\box31
\LT@cols=\count102
\LT@rows=\count103
\c@LT@tables=\count104
\c@LT@chunks=\count105
\LT@p@ftn=\toks21
)

LaTeX Warning: Unused global option(s):
    [epsf].

(./main.aux (./intro.aux) (./entities_cc.aux) (./helpers_cc.aux) (./options.aux
) (./Makefile_ex.aux) (./fvm.aux) (./datatype.aux))
\openout1 = `main.aux'.

LaTeX Font Info:    Checking defaults for OML/cmm/m/it on input line 24.
LaTeX Font Info:    ... okay on input line 24.
LaTeX Font Info:    Checking defaults for T1/cmr/m/n on input line 24.
LaTeX Font Info:    ... okay on input line 24.
LaTeX Font Info:    Checking defaults for OT1/cmr/m/n on input line 24.
LaTeX Font Info:    ... okay on input line 24.
LaTeX Font Info:    Checking defaults for OMS/cmsy/m/n on input line 24.
LaTeX Font Info:    ... okay on input line 24.
LaTeX Font Info:    Checking defaults for OMX/cmex/m/n on input line 24.
LaTeX Font Info:    ... okay on input line 24.
LaTeX Font Info:    Checking defaults for U/cmr/m/n on input line 24.
LaTeX Font Info:    ... okay on input line 24.
LaTeX Font Info:    Try loading font information for U+msa on input line 27.

(/opt/local/share/texmf-texlive/tex/latex/amsfonts/umsa.fd
File: umsa.fd 2013/01/14 v3.01 AMS symbols A
)
LaTeX Font Info:    Try loading font information for U+msb on input line 27.

(/opt/local/share/texmf-texlive/tex/latex/amsfonts/umsb.fd
File: umsb.fd 2013/01/14 v3.01 AMS symbols B
)

LaTeX Warning: No \author given.

[1


] [2

] (./main.toc [3] [4])
\tf@toc=\write3
\openout3 = `main.toc'.

 [5] [6

]
\openout2 = `intro.aux'.

 (./intro.tex
Chapter 1.
) [1


] [2


]
Chapter 2.
[3] [4

]
\openout2 = `entities_cc.aux'.

 (./entities_cc.tex
Underfull \vbox (badness 10000) has occurred while \output is active []

 [5

]
Overfull \hbox (2.80762pt too wide) in paragraph at lines 302--302
[]  \OT1/cmtt/m/n/10 //////////////////////////////////////////////////////////
///////////////////[] 
 []


Overfull \hbox (2.80762pt too wide) in paragraph at lines 302--302
[]  \OT1/cmtt/m/n/10 //////////////////////////////////////////////////////////
///////////////////[] 
 []


Underfull \vbox (badness 10000) has occurred while \output is active []

 [6]
Underfull \vbox (badness 10000) has occurred while \output is active []

 [7]
Underfull \vbox (badness 10000) has occurred while \output is active []

 [8]
Underfull \vbox (badness 10000) has occurred while \output is active []

 [9])
Underfull \vbox (badness 10000) has occurred while \output is active []

 [10]
[11

] [12]
Overfull \hbox (2.80762pt too wide) in paragraph at lines 281--281
[]  \OT1/cmtt/m/n/10 leftNode.allocate(left) ; // Allocate over all entities th
at have a left side[] 
 []

[13]
Overfull \hbox (2.80762pt too wide) in paragraph at lines 324--324
[]  \OT1/cmtt/m/n/10 rdb.add_rules(global_rule_list) ; // Add all registered ru
les to the database[] 
 []

[14]
\openout2 = `helpers_cc.aux'.

 (./helpers_cc.tex
Underfull \vbox (badness 10000) has occurred while \output is active []

 [15

])
[16]
\openout2 = `options.aux'.

 (./options.tex [17


] [18] [19]) [20]
Chapter 3.

Underfull \vbox (badness 10000) has occurred while \output is active []

 [21


]
(figures/one-d.eps
)
[22] [23] [24]
Underfull \vbox (badness 3579) has occurred while \output is active []

 [25]
[26] [27] [28] [29] [30]
LaTeX Font Info:    Try loading font information for OMS+cmtt on input line 104
1.
LaTeX Font Info:    No file OMScmtt.fd. on input line 1041.


LaTeX Font Warning: Font shape `OMS/cmtt/m/n' undefined
(Font)              using `OMS/cmsy/m/n' instead
(Font)              for symbol `textbraceleft' on input line 1041.

[31] [32] [33] [34]
Overfull \hbox (8.05757pt too wide) in paragraph at lines 1285--1285
[]      \OT1/cmtt/m/n/10 solution<-u{n},CONDITIONAL(simulation_finished{n}) ove
r sequence ([11,20])[] 
 []

[35] [36] [37] [38] [39] [40]
Overfull \hbox (170.80615pt too wide) in paragraph at lines 1626--1626
[]      \OT1/cmtt/m/n/10 EulerIntegrate(R,u)<-EulerIntegrate(R,u){n},CONDITIONA
L(eulerTimestepFinished{n}) over sequence ([11,20])[] 
 []


Overfull \hbox (44.80725pt too wide) in paragraph at lines 1626--1626
[]    \OT1/cmtt/m/n/10 EulerIntegrate(R,u){n+1}<-EulerIntegrate(R,u){n},R{n},dt
{n} over sequence ([11,20])[] 
 []

[41] [42

]
Chapter 4.
[43] [44]
(figures/face.eps
)

Underfull \vbox (badness 10000) has occurred while \output is active []

 [45]
[46] [47] [48] [49]
LaTeX Font Info:    Try loading font information for OML+cmr on input line 2114
.
 (/opt/local/share/texmf-texlive/tex/latex/base/omlcmr.fd
File: omlcmr.fd 2014/09/29 v2.5h Standard LaTeX font definitions
)
LaTeX Font Info:    Font shape `OML/cmr/m/n' in size <10> not available
(Font)              Font shape `OML/cmm/m/it' tried instead on input line 2114.


[50]
(figures/cell.eps
)
(figures/mat.eps
)
[51] [52]
Overfull \hbox (3.65144pt too wide) in paragraph at lines 2195--2205
\OT1/cmr/m/n/10 Note, that it would be tempt-ing to put the term \OT1/cmtt/m/n/
10 $vol/$deltaT \OT1/cmr/m/n/10 into the unit rule of $\OML/cmm/m/it/10 sumDiag
onal$
 []

[53] [54] [55] [56] [57] [58]
Chapter 5.
[59

] [60]
Chapter 6.
[61

] [62]
Appendix A.
[63

]
\openout2 = `Makefile_ex.aux'.

 (./Makefile_ex.tex
Overfull \hbox (50.0572pt too wide) in paragraph at lines 36--36
[]\OT1/cmtt/m/n/10 JUNK = $(wildcard *~) $(wildcard crash_dump.*)  core debug o
utput $(wildcard .schedule*)[] 
 []

) [64

]
\openout2 = `fvm.aux'.

 (./fvm.tex
Appendix B.
[65



]) [66]
\openout2 = `datatype.aux'.

 (./datatype.tex
Appendix C.
[67



] [68] [69] [70]
LaTeX Font Info:    Try loading font information for OMS+cmr on input line 212.

 (/opt/local/share/texmf-texlive/tex/latex/base/omscmr.fd
File: omscmr.fd 2014/09/29 v2.5h Standard LaTeX font definitions
)
LaTeX Font Info:    Font shape `OMS/cmr/m/n' in size <10> not available
(Font)              Font shape `OMS/cmsy/m/n' tried instead on input line 212.

Overfull \hbox (23.80743pt too wide) in paragraph at lines 320--320
[]  \OT1/cmtt/m/n/10 //////////////////////////////////////////////////////////
///////////////////////[] 
 []


Overfull \hbox (23.80743pt too wide) in paragraph at lines 320--320
[]  \OT1/cmtt/m/n/10 //////////////////////////////////////////////////////////
///////////////////////[] 
 []


Overfull \hbox (23.80743pt too wide) in paragraph at lines 320--320
[]  \OT1/cmtt/m/n/10 //--------------------------------------------------------
----------------------/[] 
 []


Overfull \hbox (23.80743pt too wide) in paragraph at lines 320--320
[]  \OT1/cmtt/m/n/10 //--------------------------------------------------------
----------------------/[] 
 []

[71]
Overfull \hbox (23.80743pt too wide) in paragraph at lines 320--320
[]  \OT1/cmtt/m/n/10 //--------------------------------------------------------
----------------------/[] 
 []


Overfull \hbox (23.80743pt too wide) in paragraph at lines 320--320
[]  \OT1/cmtt/m/n/10 //--------------------------------------------------------
----------------------/[] 
 []


Overfull \hbox (23.80743pt too wide) in paragraph at lines 320--320
[]  \OT1/cmtt/m/n/10 // Define a class which has the responsibity of serializat
ion and deserialization[] 
 []


Overfull \hbox (23.80743pt too wide) in paragraph at lines 320--320
[]  \OT1/cmtt/m/n/10 //--------------------------------------------------------
----------------------/[] 
 []


Underfull \vbox (badness 10000) has occurred while \output is active []

 [72]
Overfull \hbox (23.80743pt too wide) in paragraph at lines 320--320
[]        \OT1/cmtt/m/n/10 // From a given array, construct the object. This is
 "Deserialization Step"[] 
 []


Overfull \hbox (23.80743pt too wide) in paragraph at lines 320--320
[]  \OT1/cmtt/m/n/10 //--------------------------------------------------------
----------------------/[] 
 []

[73] [74] [75] [76]
Overfull \hbox (22.02417pt too wide) in paragraph at lines 525--527
\OT1/cmr/m/n/10 This datatype has mul-ti-di-men-sional ar-ray, which is not fir
st class ob-jects. We can use \OT1/cmtt/m/n/10 ArrayDatatype
 []


Overfull \hbox (13.30753pt too wide) in paragraph at lines 537--537
[]\OT1/cmtt/m/n/10 cmpd->insert("dScalar", offsetof(My_Compound_Type, dScalar),
 DatatypeP(array_t));[] 
 []

) [77] (./main.aux (./intro.aux) (./entities_cc.aux) (./helpers_cc.aux)
(./options.aux) (./Makefile_ex.aux) (./fvm.aux) (./datatype.aux))

LaTeX Font Warning: Some font shapes were not available, defaults substituted.

 ) 
Here is how much of TeX's memory you used:
 1505 strings out of 494548
 17545 string characters out of 6176604
 85273 words of memory out of 5000000
 5096 multiletter control sequences out of 15000+600000
 14608 words of font info for 56 fonts, out of 8000000 for 9000
 36 hyphenation exceptions out of 8191
 27i,9n,27p,278b,323s stack positions out of 5000i,500n,10000p,200000b,80000s

Output written on main.dvi (83 pages, 229612 bytes).
